<?xml version="1.0" encoding="UTF-8"?>
<testng-results skipped="0" failed="0" ignored="0" total="1" passed="1">
  <reporter-output>
  </reporter-output>
  <suite name="Default suite" duration-ms="47608" started-at="2018-08-18T09:57:46Z" finished-at="2018-08-18T09:58:33Z">
    <groups>
    </groups>
    <test name="Default test" duration-ms="47608" started-at="2018-08-18T09:57:46Z" finished-at="2018-08-18T09:58:33Z">
      <class name="aug18.Aug18">
        <test-method status="PASS" signature="display()[pri:0, instance:aug18.Aug18@1877ab81]" name="display" duration-ms="47534" started-at="2018-08-18T09:57:46Z" finished-at="2018-08-18T09:58:33Z">
          <reporter-output>
          </reporter-output>
        </test-method> <!-- display -->
      </class> <!-- aug18.Aug18 -->
    </test> <!-- Default test -->
  </suite> <!-- Default suite -->
</testng-results>
